<?xml version="1.0" encoding="UTF-8" ?>
<testsuite errors="0" failures="0" hostname="bleujin-PC" name="net.ion.radon.TestAradonAll" tests="93" time="8.588" timestamp="2011-05-02T08:51:26">
  <properties>
[...]
</properties>
  <testcase classname="net.ion.radon.core.TestPlugin" name="testLoad" time="0.484" />
  <testcase classname="net.ion.radon.core.config.TestConfigFile" name="testCreateFilter" time="0.012" />
  <testcase classname="net.ion.radon.core.config.TestConfigFile" name="testFindAttribute" time="0.0090" />
  <testcase classname="net.ion.radon.core.config.TestConfigFile" name="testGetChild" time="0.0090" />
  <testcase classname="net.ion.radon.core.config.TestContextAttribute" name="testAradonContext" time="0.078" />
  <testcase classname="net.ion.radon.core.config.TestContextAttribute" name="testSectionContext" time="0.044" />
  <testcase classname="net.ion.radon.core.config.TestContextAttribute" name="testRootContext" time="0.132" />
  <testcase classname="net.ion.radon.core.config.TestContextAttribute" name="testRootContext2" time="0.04" />
  <testcase classname="net.ion.radon.core.config.TestContextAttribute" name="testHttpClient" time="0.0010" />
  <testcase classname="net.ion.radon.TestARadonMethod" name="testReload" time="0.048" />
  <testcase classname="net.ion.radon.TestARadonMethod" name="testDetach" time="0.069" />
  <testcase classname="net.ion.radon.TestARadonMethod" name="testSectionDetach" time="0.04" />
  <testcase classname="net.ion.radon.TestARadonMethod" name="testGetName" time="0.026" />
  <testcase classname="net.ion.radon.TestARadonMethod" name="testGetPath" time="0.027" />
  <testcase classname="net.ion.radon.TestARadonMethod" name="testLoggerService" time="0.042" />
  <testcase classname="net.ion.radon.core.filter.TestAdvanseFilter" name="testPathRevokeFilter" time="0.076" />
  <testcase classname="net.ion.radon.core.filter.TestAdvanseFilter" name="testSectionRevokeFilter" time="0.031" />
  <testcase classname="net.ion.radon.core.filter.TestAdvanseFilter" name="testOrderFilter" time="0.033" />
  <testcase classname="net.ion.radon.core.filter.TestAdvanseFilter" name="testOrderFilter2" time="0.028" />
  <testcase classname="net.ion.radon.core.filter.TestAdvanseFilter" name="testSkipFilter" time="0.038" />
  <testcase classname="net.ion.radon.core.filter.TestAdvanseFilter" name="testSkipFilter2" time="0.099" />
  <testcase classname="net.ion.radon.core.filter.TestFilter" name="testPathFilter" time="0.211" />
  <testcase classname="net.ion.radon.core.filter.TestFilter" name="testSectionFilter" time="0.029" />
  <testcase classname="net.ion.radon.core.filter.TestFilter" name="testApplicationFilter" time="0.072" />
  <testcase classname="net.ion.radon.core.filter.TestFilter" name="testInit" time="0.033" />
  <testcase classname="net.ion.radon.script.TestGroovyFilter" name="testObjectRun" time="0.977" />
  <testcase classname="net.ion.radon.script.TestGroovyFilter" name="testScriptRun" time="0.179" />
  <testcase classname="net.ion.radon.script.TestGroovyFilter" name="testRunSpeed" time="0.114" />
  <testcase classname="net.ion.radon.script.TestGroovyFilter" name="testChartFilter" time="0.037" />
  <testcase classname="net.ion.radon.script.TestGroovyFilter" name="testAradonClient" time="3.362" />
  <testcase classname="net.ion.radon.core.TestAradonInit" name="testLoradAttribute" time="0.017" />
  <testcase classname="net.ion.radon.core.TestAradonInit" name="testLoadGroovyScriptFilter" time="0.026" />
  <testcase classname="net.ion.radon.core.TestAradonInit" name="testPatternMatch" time="0.0" />
  <testcase classname="net.ion.radon.core.TestLogging" name="testViewRecentLog" time="0.037" />
  <testcase classname="net.ion.radon.core.TestLogging" name="testLogManager" time="0.0090" />
  <testcase classname="net.ion.radon.core.TestLogging" name="testBoolean" time="0.0010" />
  <testcase classname="net.ion.radon.core.TestLogging" name="testLogger" time="0.0010" />
  <testcase classname="net.ion.radon.core.TestPlugin" name="testLoad" time="0.023" />
  <testcase classname="net.ion.radon.core.let.TestGeneral" name="testSectionFilter" time="0.036" />
  <testcase classname="net.ion.radon.core.let.TestGeneral" name="testBeforeHandle" time="0.026" />
  <testcase classname="net.ion.radon.core.let.TestGeneral" name="testNotFound" time="0.027" />
  <testcase classname="net.ion.radon.core.let.TestGeneral" name="testChain" time="0.021" />
  <testcase classname="net.ion.radon.core.let.TestGeneral" name="testSameResponse" time="0.017" />
  <testcase classname="net.ion.radon.core.let.TestGeneral" name="testSameRequest" time="0.113" />
  <testcase classname="net.ion.radon.core.let.TestLet" name="testFirst" time="0.019" />
  <testcase classname="net.ion.radon.core.let.TestLet" name="testRequestAttribute" time="0.028" />
  <testcase classname="net.ion.radon.core.let.TestLet" name="testSort" time="0.0010" />
  <testcase classname="net.ion.radon.core.let.TestRequest" name="testBeforeHandle" time="0.024" />
  <testcase classname="net.ion.radon.core.let.TestRequest" name="testAttribute" time="0.02" />
  <testcase classname="net.ion.radon.core.let.TestRequest" name="testPathInfo" time="0.024" />
  <testcase classname="net.ion.radon.core.let.TestRequest" name="testRequestPath" time="0.02" />
  <testcase classname="net.ion.radon.core.let.TestRequest" name="testGetParameter" time="0.019" />
  <testcase classname="net.ion.radon.core.let.TestRequest" name="testPostParameter" time="0.022" />
  <testcase classname="net.ion.radon.core.let.TestRequest" name="testMultiValue" time="0.02" />
  <testcase classname="net.ion.radon.core.let.TestRequest" name="testMultipart" time="0.331" />
  <testcase classname="net.ion.radon.core.let.TestResponse" name="testBeforeHandle" time="0.018" />
  <testcase classname="net.ion.radon.core.let.TestPathInfo" name="testPattern" time="0.0" />
  <testcase classname="net.ion.radon.core.let.TestPathInfo" name="testSubPathPattern" time="0.0" />
  <testcase classname="net.ion.radon.core.let.TestPathInfo" name="testUrlPattern" time="0.0" />
  <testcase classname="net.ion.radon.core.let.TestPathInfo" name="testPatterns" time="0.0" />
  <testcase classname="net.ion.radon.core.let.TestPathInfo" name="testBlankPatterns" time="0.0" />
  <testcase classname="net.ion.radon.core.let.TestPathInfo" name="testReference" time="0.0" />
  <testcase classname="net.ion.radon.core.let.TestPathInfo" name="testSegment" time="0.0" />
  <testcase classname="net.ion.radon.core.let.TestPathInfo" name="testStartWith" time="0.0010" />
  <testcase classname="net.ion.radon.core.let.TestPathInfo" name="testStartWith2" time="0.0" />
  <testcase classname="net.ion.radon.core.let.TestInboundLet" name="testInboundCall" time="0.02" />
  <testcase classname="net.ion.radon.core.let.TestAbstractLet" name="testAbstractLet" time="0.023" />
  <testcase classname="net.ion.radon.core.let.TestAbstractLet" name="testParentService" time="0.021" />
  <testcase classname="net.ion.radon.core.let.TestSection" name="testSettionName" time="0.02" />
  <testcase classname="net.ion.radon.core.let.TestSection" name="testRestart" time="0.023" />
  <testcase classname="net.ion.radon.core.let.TestSection" name="testGetPathName" time="0.023" />
  <testcase classname="net.ion.radon.core.let.TestSection" name="testCrossCallSection0" time="0.022" />
  <testcase classname="net.ion.radon.core.let.TestSection" name="testCrossCallSection" time="0.022" />
  <testcase classname="net.ion.radon.impl.let.TestHelloLet" name="testHello" time="0.019" />
  <testcase classname="net.ion.radon.impl.let.TestHelloLet" name="testGet" time="0.027" />
  <testcase classname="net.ion.radon.impl.let.TestHelloLet" name="testPut" time="0.023" />
  <testcase classname="net.ion.radon.impl.let.TestHelloLet" name="testHello2" time="0.021" />
  <testcase classname="net.ion.radon.impl.let.TestMonitorLet" name="testPut" time="0.025" />
  <testcase classname="net.ion.radon.impl.let.TestMonitorLet" name="testMonitorLoad" time="0.489" />
  <testcase classname="net.ion.radon.impl.let.TestMonitorLet" name="testDelete" time="0.026" />
  <testcase classname="net.ion.radon.param.request.TestAradonParameter" name="testGetPath" time="0.043" />
  <testcase classname="net.ion.radon.param.request.TestAradonParameter" name="testParam" time="0.0010" />
  <testcase classname="net.ion.radon.param.request.TestAradonParameter" name="testGetMap" time="0.0" />
  <testcase classname="net.ion.radon.param.request.TestAradonParameter" name="testGetParam" time="0.0060" />
  <testcase classname="net.ion.radon.param.TestParamterKey" name="testKeyName" time="0.0010" />
  <testcase classname="net.ion.radon.param.TestParamterKey" name="testNextKeyName" time="0.0" />
  <testcase classname="net.ion.radon.param.TestParamterKey" name="testIsLast" time="0.0" />
  <testcase classname="net.ion.radon.core.let.TestMultiValueMap" name="testMultiValue" time="0.0010" />
  <testcase classname="net.ion.radon.core.let.TestMultiValueMap" name="testMultipart" time="0.241" />
  <testcase classname="net.ion.radon.core.let.TestMultiValueMap" name="testSingleValueMap" time="0.0" />
  <testcase classname="net.ion.radon.core.let.TestMultiValueMap" name="testMultiValue2" time="0.0" />
  <testcase classname="net.ion.radon.core.let.TestMultiValueMap" name="testDouble" time="0.0" />
  <testcase classname="net.ion.radon.core.let.TestMultiValueMap" name="testNumeric" time="0.0" />
  <system-out><![CDATA[Current Logger level:null
Current Resource Bundle Name:null
]]></system-out>
  <system-err><![CDATA[log4j:WARN No appenders could be found for logger (org.apache.commons.configuration.ConfigurationUtils).
log4j:WARN Please initialize the log4j system properly.
log4j:WARN See http://logging.apache.org/log4j/1.2/faq.html#noconfig for more info.
not found source-file : ScriptFilter.groovy
2011. 5. 2 오후 5:51:26 net.ion.radon.core.let.FilterUtil makeFilter
경고: not found source-file : ScriptFilter.groovy
2011. 5. 2 오후 5:51:26 net.ion.radon.core.let.FilterUtil makeFilter
경고: not found source-file : ScriptFilter.groovy
2011. 5. 2 오후 5:51:26 net.ion.radon.core.let.FilterUtil makeFilter
경고: not found source-file : ScriptFilter.groovy
2011. 5. 2 오후 5:51:27 net.ion.radon.core.let.FilterUtil makeFilter
경고: not found source-file : ScriptFilter.groovy
2011. 5. 2 오후 5:51:27 net.ion.radon.core.let.FilterUtil makeFilter
경고: not found source-file : ScriptFilter.groovy
Not Found (404) - section:another, path:/test
	at net.ion.radon.core.RouterSection.handle(RouterSection.java:99)
	at org.restlet.routing.Filter.doHandle(Filter.java:156)
	at org.restlet.routing.Filter.handle(Filter.java:203)
	at org.restlet.routing.Router.doHandle(Router.java:440)
	at org.restlet.routing.Router.handle(Router.java:666)
	at org.restlet.engine.component.ComponentClientDispatcher.doHandle(ComponentClientDispatcher.java:83)
	at org.restlet.engine.TemplateDispatcher.handle(TemplateDispatcher.java:35)
	at org.restlet.engine.component.ChildClientDispatcher.parentHandle(ChildClientDispatcher.java:139)
	at org.restlet.engine.component.ChildClientDispatcher.doHandle(ChildClientDispatcher.java:91)
	at org.restlet.engine.TemplateDispatcher.handle(TemplateDispatcher.java:35)
	at org.restlet.engine.component.ChildClientDispatcher.parentHandle(ChildClientDispatcher.java:139)
	at org.restlet.engine.component.ChildClientDispatcher.doHandle(ChildClientDispatcher.java:91)
	at org.restlet.engine.TemplateDispatcher.handle(TemplateDispatcher.java:35)
	at net.ion.radon.core.Aradon.handle(Aradon.java:235)
	at net.ion.radon.core.Aradon.handle(Aradon.java:221)
	at net.ion.radon.TestARadonMethod.testReload(TestARadonMethod.java:24)
	at sun.reflect.NativeMethodAccessorImpl.invoke0(Native Method)
	at sun.reflect.NativeMethodAccessorImpl.invoke(Unknown Source)
	at sun.reflect.DelegatingMethodAccessorImpl.invoke(Unknown Source)
	at java.lang.reflect.Method.invoke(Unknown Source)
	at junit.framework.TestCase.runTest(TestCase.java:164)
	at junit.framework.TestCase.runBare(TestCase.java:130)
	at junit.framework.TestResult$1.protect(TestResult.java:106)
	at junit.framework.TestResult.runProtected(TestResult.java:124)
	at junit.framework.TestResult.run(TestResult.java:109)
	at junit.framework.TestCase.run(TestCase.java:120)
	at junit.framework.TestSuite.runTest(TestSuite.java:230)
	at junit.framework.TestSuite.run(TestSuite.java:225)
	at junit.framework.TestSuite.runTest(TestSuite.java:230)
	at junit.framework.TestSuite.run(TestSuite.java:225)
	at junit.framework.TestSuite.runTest(TestSuite.java:230)
	at junit.framework.TestSuite.run(TestSuite.java:225)
	at org.apache.tools.ant.taskdefs.optional.junit.JUnitTestRunner.run(JUnitTestRunner.java:420)
	at org.apache.tools.ant.taskdefs.optional.junit.JUnitTestRunner.launch(JUnitTestRunner.java:911)
	at org.apache.tools.ant.taskdefs.optional.junit.JUnitTestRunner.main(JUnitTestRunner.java:768)
2011. 5. 2 오후 5:51:27 net.ion.radon.core.Aradon handle
경고: Not Found
2011. 5. 2 오후 5:51:27 net.ion.radon.core.let.FilterUtil makeFilter
경고: not found source-file : ScriptFilter.groovy
2011. 5. 2 오후 5:51:27 net.ion.radon.core.Aradon detach
경고: another section detattached..
2011. 5. 2 오후 5:51:27 net.ion.radon.core.let.FilterUtil makeFilter
경고: not found source-file : ScriptFilter.groovy
2011. 5. 2 오후 5:51:27 net.ion.radon.core.RouterSection detach
경고: hello path detattached..
Not Found (404) - section:another, path:/hello
	at net.ion.radon.core.RouterSection.handle(RouterSection.java:99)
	at org.restlet.routing.Filter.doHandle(Filter.java:156)
	at org.restlet.routing.Filter.handle(Filter.java:203)
	at org.restlet.routing.Router.doHandle(Router.java:440)
	at org.restlet.routing.Router.handle(Router.java:666)
	at org.restlet.engine.component.ComponentClientDispatcher.doHandle(ComponentClientDispatcher.java:83)
	at org.restlet.engine.TemplateDispatcher.handle(TemplateDispatcher.java:35)
	at org.restlet.engine.component.ChildClientDispatcher.parentHandle(ChildClientDispatcher.java:139)
	at org.restlet.engine.component.ChildClientDispatcher.doHandle(ChildClientDispatcher.java:91)
	at org.restlet.engine.TemplateDispatcher.handle(TemplateDispatcher.java:35)
	at org.restlet.engine.component.ChildClientDispatcher.parentHandle(ChildClientDispatcher.java:139)
	at org.restlet.engine.component.ChildClientDispatcher.doHandle(ChildClientDispatcher.java:91)
	at org.restlet.engine.TemplateDispatcher.handle(TemplateDispatcher.java:35)
	at net.ion.radon.core.Aradon.handle(Aradon.java:235)
	at net.ion.radon.TestARadonMethod.testSectionDetach(TestARadonMethod.java:67)
	at sun.reflect.NativeMethodAccessorImpl.invoke0(Native Method)
	at sun.reflect.NativeMethodAccessorImpl.invoke(Unknown Source)
	at sun.reflect.DelegatingMethodAccessorImpl.invoke(Unknown Source)
	at java.lang.reflect.Method.invoke(Unknown Source)
	at junit.framework.TestCase.runTest(TestCase.java:164)
	at junit.framework.TestCase.runBare(TestCase.java:130)
	at junit.framework.TestResult$1.protect(TestResult.java:106)
	at junit.framework.TestResult.runProtected(TestResult.java:124)
	at junit.framework.TestResult.run(TestResult.java:109)
	at junit.framework.TestCase.run(TestCase.java:120)
	at junit.framework.TestSuite.runTest(TestSuite.java:230)
	at junit.framework.TestSuite.run(TestSuite.java:225)
	at junit.framework.TestSuite.runTest(TestSuite.java:230)
	at junit.framework.TestSuite.run(TestSuite.java:225)
	at junit.framework.TestSuite.runTest(TestSuite.java:230)
	at junit.framework.TestSuite.run(TestSuite.java:225)
	at org.apache.tools.ant.taskdefs.optional.junit.JUnitTestRunner.run(JUnitTestRunner.java:420)
	at org.apache.tools.ant.taskdefs.optional.junit.JUnitTestRunner.launch(JUnitTestRunner.java:911)
	at org.apache.tools.ant.taskdefs.optional.junit.JUnitTestRunner.main(JUnitTestRunner.java:768)
2011. 5. 2 오후 5:51:27 net.ion.radon.core.Aradon handle
경고: Not Found
2011. 5. 2 오후 5:51:27 net.ion.radon.core.let.FilterUtil makeFilter
경고: not found source-file : ScriptFilter.groovy
2011. 5. 2 오후 5:51:27 net.ion.radon.core.let.FilterUtil makeFilter
경고: not found source-file : ScriptFilter.groovy
2011. 5. 2 오후 5:51:27 net.ion.radon.core.let.FilterUtil makeFilter
경고: not found source-file : ScriptFilter.groovy
2011. 5. 2 오후 5:51:27 net.ion.radon.core.let.FilterUtil makeFilter
경고: not found source-file : ScriptFilter.groovy
2011. 5. 2 오후 5:51:27 net.ion.radon.core.let.FilterUtil makeFilter
경고: not found source-file : ScriptFilter.groovy
2011. 5. 2 오후 5:51:27 net.ion.radon.core.let.FilterUtil makeFilter
경고: not found source-file : ScriptFilter.groovy
2011. 5. 2 오후 5:51:27 net.ion.radon.core.let.FilterUtil makeFilter
경고: not found source-file : ScriptFilter.groovy
2011. 5. 2 오후 5:51:27 net.ion.radon.core.let.FilterUtil makeFilter
경고: not found source-file : ScriptFilter.groovy
2011. 5. 2 오후 5:51:27 net.ion.radon.core.let.FilterUtil makeFilter
경고: not found source-file : ScriptFilter.groovy
2011. 5. 2 오후 5:51:27 net.ion.radon.core.let.FilterUtil makeFilter
경고: not found source-file : ScriptFilter.groovy
2011. 5. 2 오후 5:51:27 net.ion.radon.core.let.FilterUtil makeFilter
경고: not found source-file : ScriptFilter.groovy
2011. 5. 2 오후 5:51:27 net.ion.radon.core.let.FilterUtil makeFilter
경고: not found source-file : ScriptFilter.groovy
2011. 5. 2 오후 5:51:27 net.ion.radon.core.let.FilterUtil makeFilter
경고: not found source-file : ScriptFilter.groovy
2011. 5. 2 오후 5:51:27 net.ion.radon.core.let.FilterUtil makeFilter
경고: not found source-file : ScriptFilter.groovy
2011. 5. 2 오후 5:51:28 net.ion.radon.core.let.FilterUtil makeFilter
경고: not found source-file : ScriptFilter.groovy
2011. 5. 2 오후 5:51:29 net.ion.radon.core.let.FilterUtil makeFilter
경고: not found source-file : ScriptFilter.groovy
2011. 5. 2 오후 5:51:29 net.ion.radon.core.let.FilterUtil makeFilter
경고: not found source-file : ScriptFilter.groovy
2011. 5. 2 오후 5:51:29 org.restlet.resource.ServerResource doCatch
경고: Exception or error caught in server resource
Internal Server Error (500) - The server encountered an unexpected condition which prevented it from fulfilling the request
	at net.ion.radon.core.script.GroovyLetFilter.execute(GroovyLetFilter.java:55)
	at net.ion.radon.core.script.GroovyLetFilter.afterHandle(GroovyLetFilter.java:36)
	at net.ion.radon.core.let.FilterEntry.afterHandle(FilterUtil.java:160)
	at net.ion.radon.core.let.FilterUtil.handleAfterFilter(FilterUtil.java:73)
	at net.ion.radon.core.let.AbstractLet.doHandle(AbstractLet.java:91)
	at org.restlet.resource.ServerResource.handle(ServerResource.java:898)
	at org.restlet.resource.Finder.handle(Finder.java:244)
	at org.restlet.routing.Filter.doHandle(Filter.java:156)
	at org.restlet.routing.Filter.handle(Filter.java:203)
	at org.restlet.routing.Router.doHandle(Router.java:440)
	at org.restlet.routing.Router.handle(Router.java:666)
	at org.restlet.routing.Filter.doHandle(Filter.java:156)
	at org.restlet.routing.Filter.handle(Filter.java:203)
	at org.restlet.routing.Filter.doHandle(Filter.java:156)
	at org.restlet.routing.Filter.handle(Filter.java:203)
	at org.restlet.routing.Filter.doHandle(Filter.java:156)
	at org.restlet.engine.application.StatusFilter.doHandle(StatusFilter.java:151)
	at org.restlet.routing.Filter.handle(Filter.java:203)
	at org.restlet.routing.Filter.doHandle(Filter.java:156)
	at org.restlet.routing.Filter.handle(Filter.java:203)
	at org.restlet.engine.CompositeHelper.handle(CompositeHelper.java:158)
	at org.restlet.engine.application.ApplicationHelper.handle(ApplicationHelper.java:73)
	at org.restlet.Application.handle(Application.java:381)
	at net.ion.radon.core.RouterSection.handle(RouterSection.java:95)
	at org.restlet.routing.Filter.doHandle(Filter.java:156)
	at org.restlet.routing.Filter.handle(Filter.java:203)
	at org.restlet.routing.Router.doHandle(Router.java:440)
	at org.restlet.routing.Router.handle(Router.java:666)
	at org.restlet.engine.component.ComponentClientDispatcher.doHandle(ComponentClientDispatcher.java:83)
	at org.restlet.engine.TemplateDispatcher.handle(TemplateDispatcher.java:35)
	at org.restlet.engine.component.ChildClientDispatcher.parentHandle(ChildClientDispatcher.java:139)
	at org.restlet.engine.component.ChildClientDispatcher.doHandle(ChildClientDispatcher.java:91)
	at org.restlet.engine.TemplateDispatcher.handle(TemplateDispatcher.java:35)
	at org.restlet.engine.component.ChildClientDispatcher.parentHandle(ChildClientDispatcher.java:139)
	at org.restlet.engine.component.ChildClientDispatcher.doHandle(ChildClientDispatcher.java:91)
	at org.restlet.engine.TemplateDispatcher.handle(TemplateDispatcher.java:35)
	at net.ion.radon.core.Aradon.handle(Aradon.java:235)
	at net.ion.radon.core.Aradon.handle(Aradon.java:221)
	at net.ion.radon.script.TestGroovyFilter.testChartFilter(TestGroovyFilter.java:105)
	at sun.reflect.NativeMethodAccessorImpl.invoke0(Native Method)
	at sun.reflect.NativeMethodAccessorImpl.invoke(Unknown Source)
	at sun.reflect.DelegatingMethodAccessorImpl.invoke(Unknown Source)
	at java.lang.reflect.Method.invoke(Unknown Source)
	at junit.framework.TestCase.runTest(TestCase.java:164)
	at junit.framework.TestCase.runBare(TestCase.java:130)
	at junit.framework.TestResult$1.protect(TestResult.java:106)
	at junit.framework.TestResult.runProtected(TestResult.java:124)
	at junit.framework.TestResult.run(TestResult.java:109)
	at junit.framework.TestCase.run(TestCase.java:120)
	at junit.framework.TestSuite.runTest(TestSuite.java:230)
	at junit.framework.TestSuite.run(TestSuite.java:225)
	at junit.framework.TestSuite.runTest(TestSuite.java:230)
	at junit.framework.TestSuite.run(TestSuite.java:225)
	at junit.framework.TestSuite.runTest(TestSuite.java:230)
	at junit.framework.TestSuite.run(TestSuite.java:225)
	at junit.framework.TestSuite.runTest(TestSuite.java:230)
	at junit.framework.TestSuite.run(TestSuite.java:225)
	at org.apache.tools.ant.taskdefs.optional.junit.JUnitTestRunner.run(JUnitTestRunner.java:420)
	at org.apache.tools.ant.taskdefs.optional.junit.JUnitTestRunner.launch(JUnitTestRunner.java:911)
	at org.apache.tools.ant.taskdefs.optional.junit.JUnitTestRunner.main(JUnitTestRunner.java:768)
Caused by: groovy.util.ResourceException: Cannot open URL: file:/D:/eclipse/workspace/ARadon/groovy-test/ChartFilter.groovy
	at groovy.util.GroovyScriptEngine.getResourceConnection(GroovyScriptEngine.java:305)
	at groovy.util.GroovyScriptEngine.loadScriptByName(GroovyScriptEngine.java:450)
	at groovy.util.GroovyScriptEngine.createScript(GroovyScriptEngine.java:528)
	at net.ion.radon.core.script.GroovyLetFilter.execute(GroovyLetFilter.java:50)
	... 59 more
2011. 5. 2 오후 5:51:29 org.restlet.ext.net.HttpClientHelper start
정보: Starting the HTTP client
2011. 5. 2 오후 5:51:32 net.ion.radon.core.let.FilterUtil makeFilter
경고: not found source-file : ScriptFilter.groovy
2011. 5. 2 오후 5:51:32 net.ion.radon.core.let.FilterUtil makeFilter
경고: not found source-file : ScriptFilter.groovy
2011. 5. 2 오후 5:51:32 net.ion.radon.core.let.FilterUtil makeFilter
경고: not found source-file : ScriptFilter.groovy
2011. 5. 2 오후 5:51:32 net.ion.radon.core.TestLogging testViewRecentLog
정보: Hello
2011. 5. 2 오후 5:51:32 net.ion.radon.core.TestLogging testLogManager
경고: Hello
2011. 5. 2 오후 5:51:32 net.ion.radon.core.TestLogging testLogger
심각: I AM SEVERE
2011. 5. 2 오후 5:51:32 net.ion.radon.core.TestLogging testLogger
경고: I AM WARNING
2011. 5. 2 오후 5:51:32 net.ion.radon.core.TestLogging testLogger
정보: I AM INFO 
2011. 5. 2 오후 5:51:32 net.ion.radon.core.let.FilterUtil makeFilter
경고: not found source-file : ScriptFilter.groovy
2011. 5. 2 오후 5:51:32 net.ion.radon.core.let.FilterUtil makeFilter
경고: not found source-file : ScriptFilter.groovy
2011. 5. 2 오후 5:51:32 net.ion.radon.core.let.FilterUtil makeFilter
경고: not found source-file : ScriptFilter.groovy
2011. 5. 2 오후 5:51:32 net.ion.radon.core.let.FilterUtil makeFilter
경고: not found source-file : ScriptFilter.groovy
Not Found (404) - section:another, path:/no_path
	at net.ion.radon.core.RouterSection.handle(RouterSection.java:99)
	at org.restlet.routing.Filter.doHandle(Filter.java:156)
	at org.restlet.routing.Filter.handle(Filter.java:203)
	at org.restlet.routing.Router.doHandle(Router.java:440)
	at org.restlet.routing.Router.handle(Router.java:666)
	at org.restlet.engine.component.ComponentClientDispatcher.doHandle(ComponentClientDispatcher.java:83)
	at org.restlet.engine.TemplateDispatcher.handle(TemplateDispatcher.java:35)
	at org.restlet.engine.component.ChildClientDispatcher.parentHandle(ChildClientDispatcher.java:139)
	at org.restlet.engine.component.ChildClientDispatcher.doHandle(ChildClientDispatcher.java:91)
	at org.restlet.engine.TemplateDispatcher.handle(TemplateDispatcher.java:35)
	at org.restlet.engine.component.ChildClientDispatcher.parentHandle(ChildClientDispatcher.java:139)
	at org.restlet.engine.component.ChildClientDispatcher.doHandle(ChildClientDispatcher.java:91)
	at org.restlet.engine.TemplateDispatcher.handle(TemplateDispatcher.java:35)
	at net.ion.radon.core.Aradon.handle(Aradon.java:235)
	at net.ion.radon.core.Aradon.handle(Aradon.java:221)
	at net.ion.radon.TestAradon.handle(TestAradon.java:96)
	at net.ion.radon.core.let.TestGeneral.testNotFound(TestGeneral.java:38)
	at sun.reflect.NativeMethodAccessorImpl.invoke0(Native Method)
	at sun.reflect.NativeMethodAccessorImpl.invoke(Unknown Source)
	at sun.reflect.DelegatingMethodAccessorImpl.invoke(Unknown Source)
	at java.lang.reflect.Method.invoke(Unknown Source)
	at junit.framework.TestCase.runTest(TestCase.java:164)
	at junit.framework.TestCase.runBare(TestCase.java:130)
	at junit.framework.TestResult$1.protect(TestResult.java:106)
	at junit.framework.TestResult.runProtected(TestResult.java:124)
	at junit.framework.TestResult.run(TestResult.java:109)
	at junit.framework.TestCase.run(TestCase.java:120)
	at junit.framework.TestSuite.runTest(TestSuite.java:230)
	at junit.framework.TestSuite.run(TestSuite.java:225)
	at junit.framework.TestSuite.runTest(TestSuite.java:230)
	at junit.framework.TestSuite.run(TestSuite.java:225)
	at junit.framework.TestSuite.runTest(TestSuite.java:230)
	at junit.framework.TestSuite.run(TestSuite.java:225)
	at org.apache.tools.ant.taskdefs.optional.junit.JUnitTestRunner.run(JUnitTestRunner.java:420)
	at org.apache.tools.ant.taskdefs.optional.junit.JUnitTestRunner.launch(JUnitTestRunner.java:911)
	at org.apache.tools.ant.taskdefs.optional.junit.JUnitTestRunner.main(JUnitTestRunner.java:768)
2011. 5. 2 오후 5:51:32 net.ion.radon.core.Aradon handle
경고: Not Found
2011. 5. 2 오후 5:51:32 net.ion.radon.core.let.FilterUtil makeFilter
경고: not found source-file : ScriptFilter.groovy
2011. 5. 2 오후 5:51:32 net.ion.radon.core.let.FilterUtil makeFilter
경고: not found source-file : ScriptFilter.groovy
2011. 5. 2 오후 5:51:32 net.ion.radon.core.let.FilterUtil makeFilter
경고: not found source-file : ScriptFilter.groovy
2011. 5. 2 오후 5:51:32 org.restlet.ext.net.HttpClientHelper stop
정보: Stopping the HTTP client
2011. 5. 2 오후 5:51:33 net.ion.radon.core.let.FilterUtil makeFilter
경고: not found source-file : ScriptFilter.groovy
2011. 5. 2 오후 5:51:33 net.ion.radon.core.let.FilterUtil makeFilter
경고: not found source-file : ScriptFilter.groovy
2011. 5. 2 오후 5:51:33 net.ion.radon.core.let.FilterUtil makeFilter
경고: not found source-file : ScriptFilter.groovy
2011. 5. 2 오후 5:51:33 net.ion.radon.core.let.FilterUtil makeFilter
경고: not found source-file : ScriptFilter.groovy
2011. 5. 2 오후 5:51:33 net.ion.radon.core.let.FilterUtil makeFilter
경고: not found source-file : ScriptFilter.groovy
2011. 5. 2 오후 5:51:33 net.ion.radon.core.let.FilterUtil makeFilter
경고: not found source-file : ScriptFilter.groovy
2011. 5. 2 오후 5:51:33 net.ion.radon.core.let.FilterUtil makeFilter
경고: not found source-file : ScriptFilter.groovy
2011. 5. 2 오후 5:51:33 net.ion.radon.core.let.FilterUtil makeFilter
경고: not found source-file : ScriptFilter.groovy
2011. 5. 2 오후 5:51:33 net.ion.radon.core.let.FilterUtil makeFilter
경고: not found source-file : ScriptFilter.groovy
2011. 5. 2 오후 5:51:33 net.ion.radon.core.let.FilterUtil makeFilter
경고: not found source-file : ScriptFilter.groovy
2011. 5. 2 오후 5:51:33 net.ion.radon.core.let.FilterUtil makeFilter
경고: not found source-file : ScriptFilter.groovy
2011. 5. 2 오후 5:51:33 net.ion.radon.core.let.FilterUtil makeFilter
경고: not found source-file : ScriptFilter.groovy
2011. 5. 2 오후 5:51:33 net.ion.radon.core.let.FilterUtil makeFilter
경고: not found source-file : ScriptFilter.groovy
2011. 5. 2 오후 5:51:33 net.ion.radon.core.let.FilterUtil makeFilter
경고: not found source-file : ScriptFilter.groovy
2011. 5. 2 오후 5:51:33 net.ion.radon.core.let.FilterUtil makeFilter
경고: not found source-file : ScriptFilter.groovy
2011. 5. 2 오후 5:51:33 net.ion.radon.core.let.FilterUtil makeFilter
경고: not found source-file : ScriptFilter.groovy
2011. 5. 2 오후 5:51:33 net.ion.radon.core.let.FilterUtil makeFilter
경고: not found source-file : ScriptFilter.groovy
2011. 5. 2 오후 5:51:33 net.ion.radon.core.let.FilterUtil makeFilter
경고: not found source-file : ScriptFilter.groovy
2011. 5. 2 오후 5:51:33 net.ion.radon.core.let.FilterUtil makeFilter
경고: not found source-file : ScriptFilter.groovy
2011. 5. 2 오후 5:51:33 net.ion.radon.core.let.FilterUtil makeFilter
경고: not found source-file : ScriptFilter.groovy
2011. 5. 2 오후 5:51:33 net.ion.radon.core.let.FilterUtil makeFilter
경고: not found source-file : ScriptFilter.groovy
2011. 5. 2 오후 5:51:33 net.ion.radon.core.let.FilterUtil makeFilter
경고: not found source-file : ScriptFilter.groovy
2011. 5. 2 오후 5:51:33 net.ion.radon.core.let.FilterUtil makeFilter
경고: not found source-file : ScriptFilter.groovy
2011. 5. 2 오후 5:51:33 net.ion.radon.core.let.FilterUtil makeFilter
경고: not found source-file : ScriptFilter.groovy
2011. 5. 2 오후 5:51:34 net.ion.radon.core.let.FilterUtil makeFilter
경고: not found source-file : ScriptFilter.groovy
]]></system-err>
</testsuite>
